d:\projects\flow_compute\flow_compute\x64\debug\vc140.pdb
f:\workspace\visual studio\flow_compute\flow_compute\x64\debug\flow_compute.pch
f:\workspace\visual studio\flow_compute\flow_compute\x64\debug\vc141.pdb
f:\workspace\visual studio\flow_compute\flow_compute\x64\debug\vc141.idb
f:\workspace\visual studio\flow_compute\flow_compute\x64\debug\stdafx.obj
f:\workspace\visual studio\flow_compute\flow_compute\x64\debug\flow_compute.obj
f:\workspace\visual studio\flow_compute\flow_compute\x64\debug\flow.obj
d:\projects\flow_compute\x64\debug\flow_compute.ilk
d:\projects\flow_compute\x64\debug\flow_compute.exe
d:\projects\flow_compute\x64\debug\flow_compute.pdb
f:\workspace\visual studio\flow_compute\x64\debug\flow_compute.exe
f:\workspace\visual studio\flow_compute\x64\debug\flow_compute.ilk
f:\workspace\visual studio\flow_compute\x64\debug\flow_compute.pdb
f:\workspace\visual studio\flow_compute\flow_compute\x64\debug\vc140.idb
f:\workspace\visual studio\flow_compute\flow_compute\x64\debug\vc140.pdb
f:\workspace\visual studio\flow_compute\flow_compute\x64\debug\flow_compute.tlog\cl.command.1.tlog
f:\workspace\visual studio\flow_compute\flow_compute\x64\debug\flow_compute.tlog\cl.read.1.tlog
f:\workspace\visual studio\flow_compute\flow_compute\x64\debug\flow_compute.tlog\cl.write.1.tlog
f:\workspace\visual studio\flow_compute\flow_compute\x64\debug\flow_compute.tlog\link.command.1.tlog
f:\workspace\visual studio\flow_compute\flow_compute\x64\debug\flow_compute.tlog\link.delete.1.tlog
f:\workspace\visual studio\flow_compute\flow_compute\x64\debug\flow_compute.tlog\link.read.1.tlog
f:\workspace\visual studio\flow_compute\flow_compute\x64\debug\flow_compute.tlog\link.write.1.tlog
